* 0.107531:*:cli:run!: doom sync
* 0.107693:*:cli:context-parse: found command (doom)
* 0.108197:*:cli:load: autoload /home/roberto/.config/emacs/lisp/cli/sync.el
* 0.108269:*:cli:load: ~/.config/emacs/lisp/cli/sync.el nil
* 0.108517:*:cli:load: ~/.config/emacs/lisp/cli/packages nil
* 0.138922:*:cli:context-parse: found command (doom sync)
* 0.139566:*:cli:context-execute: doom sync
* 0.140165:*:cli:execute: (:before) ((input) (context . #s(doom-cli-context (25995 17462 715877 125000) 26668 0 (101 . 32) nil nil doom nil nil (doom sync) nil (sync) ((--jobs) (-j) (-p) (-u) (-c) (-e) (--eval) (-E) (--strict-load) (--load) (-L) (--color) (--benchmark) (--profile) (--pager) (--emacsdir) (--doomdir) (--verbose) (-v) (--debug) (-D) (--force) (-!)) ((t) ((doom sync)) ((doom) sync))  *doom-cli stdin*  *doom-cli stdout*  *doom-cli stderr* nil)) (_) (evals) (loads) (color?) (bench?) (profile) (pager) (emacsdir) (doomdir) (verbose?) (debug?) (force?))
* 0.140240:*:cli:execute: (:before doom build) nil
* 0.140294:*:cli:Initializing straight
* 0.140368::context: +packages (cli t)
* 0.140409::context:module: =[0 -110 -110 :core nil nil nil]
* 0.193960:*:cli:Initializing recipes
* 0.198294:*:cli:Installing core packages
* 0.198367:*:cli:execute: (doom sync) ((jobs) (purge?) (update?) (noelc?) (noenvvar?))
* 0.198612:*:cli:call: (doom sync) -> (doom profiles sync --reload)
* 0.198743:*:cli:context-parse: found command (doom)
* 0.199192:*:cli:load: autoload /home/roberto/.config/emacs/lisp/cli/profiles.el
* 0.199246:*:cli:load: ~/.config/emacs/lisp/cli/profiles.el nil
* 0.206445:*:cli:context-parse: found command (doom profiles)
* 0.206955:*:cli:context-parse: found command (doom profiles sync)
* 0.207449:*:cli:context-parse: found switch "--reload"
* 0.208146:*:cli:context-execute: doom profiles sync
* 0.208712:*:cli:execute: (:before) ((input) (context . #s(doom-cli-context (25995 17462 715877 125000) 26668 0 (101 . 32) nil nil doom nil nil (doom profiles sync) nil (sync) ((--reload . --reload) (--jobs) (-j) (-p) (-u) (-c) (-e) (--eval) (-E) (--strict-load) (--load) (-L) (--color) (--benchmark) (--profile) (--pager) (--emacsdir) (--doomdir) (--verbose) (-v) (--debug) (-D) (--force) (-!)) ((t) ((doom profiles sync) --reload) ((doom profiles) sync --reload) ((doom) profiles sync --reload))  *doom-cli stdin*  *doom-cli stdout*  *doom-cli stderr* nil)) (_) (evals) (loads) (color?) (bench?) (profile) (pager) (emacsdir) (doomdir) (verbose?) (debug?) (force?))
* 0.208791:*:cli:execute: (doom profiles sync) ((reload? . --reload))
  * 0.209263:*:cli:Profiles are up-to-date!
> Synchronizing "default" profile...
  * 0.210242:*:cli:call: (doom profiles sync) -> (doom env)
  * 0.210358:*:cli:context-parse: found command (doom)
  * 0.210757:*:cli:load: autoload /home/roberto/.config/emacs/lisp/cli/env.el
  * 0.210811:*:cli:load: ~/.config/emacs/lisp/cli/env.el nil
  * 0.213820:*:cli:context-parse: found command (doom env)
  * 0.214382:*:cli:context-execute: doom env
  * 0.214905:*:cli:execute: (:before) ((input) (context . #s(doom-cli-context (25995 17462 715877 125000) 26668 0 (101 . 32) nil nil doom nil nil (doom env) nil (sync) ((--deny) (-d) (--allow) (-a) (-o) (--deny-all) (--allow-all) (--reload . --reload) (--jobs) (-j) (-p) (-u) (-c) (-e) (--eval) (-E) (--strict-load) (--load) (-L) (--color) (--benchmark) (--profile) (--pager) (--emacsdir) (--doomdir) (--verbose) (-v) (--debug) (-D) (--force) (-!)) ((t) ((doom env)) ((doom) env))  *doom-cli stdin*  *doom-cli stdout*  *doom-cli stderr* nil)) (_) (evals) (loads) (color?) (bench?) (profile) (pager) (emacsdir) (doomdir) (verbose?) (debug?) (force?))
  * 0.214981:*:cli:execute: (doom env) ((rules) (output-file) (deny-only) (allow-only))
  > Regenerating envvars file
    * 0.215790:*:cli:cli:env: deny DBUS_SESSION_BUS_ADDRESS
    * 0.216032:*:cli:cli:env: deny XDG_RUNTIME_DIR
    * 0.216156:*:cli:cli:env: deny XDG_VTNR
    * 0.216212:*:cli:cli:env: deny SHLVL
    * 0.216267:*:cli:cli:env: deny DISPLAY
    * 0.216329:*:cli:cli:env: deny USER
    * 0.216391:*:cli:cli:env: deny __DOOMPID
    * 0.216444:*:cli:cli:env: deny TERM
    * 0.216526:*:cli:cli:env: deny XDG_SESSION_CLASS
    * 0.216668:*:cli:cli:env: deny XDG_SEAT_PATH
    * 0.216782:*:cli:cli:env: deny __DOOMGPIPE
    * 0.216872:*:cli:cli:env: deny HOME
    * 0.217017:*:cli:cli:env: deny XAUTHORITY
    * 0.217078:*:cli:cli:env: deny XDG_SESSION_TYPE
    * 0.217213:*:cli:cli:env: deny PWD
    * 0.217285:*:cli:cli:env: deny XDG_SEAT
    * 0.217406:*:cli:cli:env: deny __DOOMSTEP
    * 0.217474:*:cli:cli:env: deny __DOOMGEOM
    * 0.217590:*:cli:cli:env: deny __DOOMPIPE
    ✓ Generated ~/.config/emacs/.local/env
  * 0.218862:*:cli:Initializing package.el
  * 0.242433:*:cli:Initializing straight.el
  * 0.242772::context: +packages (cli t)
  * 0.242819::context:module: =[1 105 -105 :user nil nil nil]
  * 0.243046::context:module: =[2 -111 -111 :config use-package nil nil]
  * 0.243758::context:module: =[0 -110 -110 :core nil nil nil]
  * 0.255614::context:module: =[1 105 -105 :user nil nil nil]
  * 0.255904::context:module: =[3 0 0 :completion company nil nil]
  * 0.257326::context:module: =[4 0 0 :completion vertico nil nil]
  * 0.262590::context:module: =[5 0 0 :ui doom nil nil]
  * 0.263702::context:module: =[6 0 0 :ui doom-dashboard nil nil]
  * 0.263771::context:module: =[7 0 0 :ui doom-quit nil nil]
  * 0.263816::context:module: =[8 0 0 :ui emoji (+unicode) nil]
  * 0.264445::context:module: =[9 0 0 :ui hl-todo nil nil]
  * 0.265061::context:module: =[10 0 0 :ui modeline nil nil]
  * 0.266616::context:module: =[11 0 0 :ui ophints nil nil]
  * 0.267577::context:module: =[12 0 0 :ui popup (+defaults) nil]
  * 0.267629::context:module: =[13 0 0 :ui tabs nil nil]
  * 0.268253::context:module: =[14 0 0 :ui treemacs nil nil]
  * 0.271490::context:module: =[15 0 0 :ui vc-gutter (+pretty) nil]
  * 0.272433::context:module: =[16 0 0 :ui vi-tilde-fringe nil nil]
  * 0.273080::context:module: =[17 0 0 :ui workspaces nil nil]
  * 0.273715::context:module: =[18 0 0 :ui zen nil nil]
  * 0.274783::context:module: =[19 0 0 :editor evil (+everywhere) nil]
  * 0.283471::context:module: =[20 0 0 :editor file-templates nil nil]
  * 0.284146::context:module: =[21 0 0 :editor fold nil nil]
  * 0.286055::context:module: =[22 0 0 :editor format (+onsave) nil]
  * 0.286706::context:module: =[23 0 0 :editor snippets nil nil]
  * 0.288247::context:module: =[24 0 0 :emacs dired nil nil]
  * 0.291218::context:module: =[25 0 0 :emacs electric nil nil]
  * 0.291277::context:module: =[26 0 0 :emacs undo nil nil]
  * 0.293132::context:module: =[27 0 0 :emacs vc nil nil]
  * 0.296521::context:module: =[28 0 0 :term vterm nil nil]
  * 0.298795::context:module: =[29 0 0 :checkers syntax nil nil]
  * 0.300864::context:module: =[30 0 0 :checkers spell (+flyspell) nil]
  * 0.303195::context:module: =[31 0 0 :tools eval (+overlay) nil]
  * 0.304294::context:module: =[32 0 0 :tools lookup nil nil]
  * 0.308827::context:module: =[33 0 0 :tools magit nil nil]
  * 0.310858::context:module: =[34 0 0 :lang emacs-lisp nil nil]
  * 0.315167::context:module: =[35 0 0 :lang julia nil nil]
  * 0.317224::context:module: =[36 0 0 :lang latex (+latexmk +cdlatex) nil]
  * 0.321633::context:module: =[37 0 0 :lang markdown nil nil]
  * 0.323962::context:module: =[38 0 0 :lang org nil nil]
  * 0.341187::context:module: =[39 0 0 :lang sh nil nil]
  * 0.342513::context:module: =[40 0 0 :config default (+bindings +smartparens) nil]
  * 0.344387::context:module: =[1 105 -105 :user nil nil nil]
  > Installing packages...
    - No packages need to be installed
  > (Re)building packages...
    - No packages need rebuilding
  > Purging orphaned packages (for the emperor)...
    - Skipping builds
    - Skipping elpa packages
    - Skipping repos
    - Skipping regrafting
  > (Re)building profile in /home/roberto/.config/emacs/.local/etc/@/...
    > Deleting old init files...
    > Generating 4 init files...
    > Byte-compiling ~/.config/emacs/.local/etc/@init.29.el...
    ✓ Built init.29.elc
  - Restart Emacs or use 'M-x doom/reload' for changes to take effect
* 1.316144:*:cli:Finished (GCs: 0, elapsed: 0.000000s)
* 1.316144:*:cli:Finished (GCs: 0, elapsed: 0.000000s)
