* 0.117563:*:cli:run!: doom install
* 0.117727:*:cli:context-parse: found command (doom)
* 0.118217:*:cli:load: autoload /home/roberto/.config/emacs/lisp/cli/install.el
* 0.118285:*:cli:load: ~/.config/emacs/lisp/cli/install.el nil
* 0.118576:*:cli:load: ~/.config/emacs/lisp/cli/packages nil
* 0.151750:*:cli:context-parse: found command (doom install)
* 0.152290:*:cli:context-execute: doom install
* 0.152815:*:cli:execute: (:before) ((input) (context . #s(doom-cli-context (25988 32026 70158 768000) 7596 0 (98 . 37) nil nil doom nil nil (doom install) nil (install) ((--hooks) (--fonts) (--install) (--env) (--config) (--eval) (-E) (--strict-load) (--load) (-L) (--color) (--benchmark) (--profile) (--pager) (--emacsdir) (--doomdir) (--verbose) (-v) (--debug) (-D) (--force) (-!)) ((t) ((doom install)) ((doom) install))  *doom-cli stdin*  *doom-cli stdout*  *doom-cli stderr* nil)) (_) (evals) (loads) (color?) (bench?) (profile) (pager) (emacsdir) (doomdir) (verbose?) (debug?) (force?))
* 0.152892:*:cli:execute: (doom install) ((context . #s(doom-cli-context (25988 32026 70158 768000) 7596 0 (98 . 37) nil nil doom nil nil (doom install) nil (install) ((--hooks) (--fonts) (--install) (--env) (--config) (--eval) (-E) (--strict-load) (--load) (-L) (--color) (--benchmark) (--profile) (--pager) (--emacsdir) (--doomdir) (--verbose) (-v) (--debug) (-D) (--force) (-!)) ((t) ((doom install)) ((doom) install))  *doom-cli stdin*  *doom-cli stdout*  *doom-cli stderr* nil)) (hooks? . :yes) (fonts? . :yes) (install? . :yes) (envfile? . :yes) (config? . :yes))
Installing Doom Emacs!

✓ Created ~/.config/doom/
  - Creating ~/.config/doom/init.el
  ✓ Done!
  - Creating ~/.config/doom/config.el
  ✓ Done!
  - Creating ~/.config/doom/packages.el
  ✓ Done!
* 0.176810:*:cli:load: ~/.config/doom/init.el t
* 4.837299:*:cli:call: (doom install) -> (doom env)
* 4.837747:*:cli:context-parse: found command (doom)
* 4.839039:*:cli:load: autoload /home/roberto/.config/emacs/lisp/cli/env.el
* 4.839206:*:cli:load: ~/.config/emacs/lisp/cli/env.el nil
* 4.844571:*:cli:context-parse: found command (doom env)
* 4.845283:*:cli:context-execute: doom env
* 4.845948:*:cli:execute: (:before) ((input) (context . #s(doom-cli-context (25988 32026 70158 768000) 7596 0 (98 . 37) nil nil doom nil nil (doom env) nil (install) ((--deny) (-d) (--allow) (-a) (-o) (--deny-all) (--allow-all) (--hooks) (--fonts) (--install) (--env) (--config) (--eval) (-E) (--strict-load) (--load) (-L) (--color) (--benchmark) (--profile) (--pager) (--emacsdir) (--doomdir) (--verbose) (-v) (--debug) (-D) (--force) (-!)) ((t) ((doom env)) ((doom) env))  *doom-cli stdin*  *doom-cli stdout*  *doom-cli stderr* nil)) (_) (evals) (loads) (color?) (bench?) (profile) (pager) (emacsdir) (doomdir) (verbose?) (debug?) (force?))
* 4.846047:*:cli:execute: (doom env) ((rules) (output-file) (deny-only) (allow-only))
> Generating envvars file
  * 4.846831:*:cli:cli:env: deny OLDPWD
  * 4.847087:*:cli:cli:env: deny DBUS_SESSION_BUS_ADDRESS
  * 4.847361:*:cli:cli:env: deny XDG_RUNTIME_DIR
  * 4.847487:*:cli:cli:env: deny XDG_VTNR
  * 4.847598:*:cli:cli:env: deny SHLVL
  * 4.847685:*:cli:cli:env: deny DISPLAY
  * 4.847752:*:cli:cli:env: deny USER
  * 4.847836:*:cli:cli:env: deny __DOOMPID
  * 4.847913:*:cli:cli:env: deny TERM
  * 4.848066:*:cli:cli:env: deny XDG_SESSION_CLASS
  * 4.848513:*:cli:cli:env: deny XDG_SEAT_PATH
  * 4.848654:*:cli:cli:env: deny __DOOMGPIPE
  * 4.848754:*:cli:cli:env: deny HOME
  * 4.848905:*:cli:cli:env: deny XAUTHORITY
  * 4.848973:*:cli:cli:env: deny XDG_SESSION_TYPE
  * 4.849109:*:cli:cli:env: deny PWD
  * 4.849178:*:cli:cli:env: deny XDG_SEAT
  * 4.849249:*:cli:cli:env: deny __DOOMSTEP
  * 4.849324:*:cli:cli:env: deny __DOOMGEOM
  * 4.849443:*:cli:cli:env: deny __DOOMPIPE
  ✓ Generated ~/.config/emacs/.local/env
Installing plugins
* 4.850945:*:cli:Initializing straight
* 4.851050::context: +packages (cli t)
* 4.851091::context:module: =[0 -110 -110 :core nil nil nil]
> Installing straight...
* 7.388583:*:cli:Initializing recipes
* 15.384872:*:cli:Installing core packages
* 15.384990:*:cli:Initializing package.el
* 15.442799:*:cli:Initializing straight.el
* 15.443415::context: +packages (cli t)
* 15.443513::context:module: =[1 105 -105 :user nil nil nil]
* 15.443618::context:module: =[2 -111 -111 :config use-package nil nil]
* 15.445222::context:module: =[0 -110 -110 :core nil nil nil]
* 15.465738::context:module: =[1 105 -105 :user nil nil nil]
* 15.465824::context:module: =[3 0 0 :completion company nil nil]
* 15.467235::context:module: =[4 0 0 :completion vertico nil nil]
* 15.471995::context:module: =[5 0 0 :ui doom nil nil]
* 15.473046::context:module: =[6 0 0 :ui doom-dashboard nil nil]
* 15.473108::context:module: =[7 0 0 :ui hl-todo nil nil]
* 15.473722::context:module: =[8 0 0 :ui modeline nil nil]
* 15.475420::context:module: =[9 0 0 :ui ophints nil nil]
* 15.476341::context:module: =[10 0 0 :ui popup (+defaults) nil]
* 15.476407::context:module: =[11 0 0 :ui vc-gutter (+pretty) nil]
* 15.477321::context:module: =[12 0 0 :ui vi-tilde-fringe nil nil]
* 15.477950::context:module: =[13 0 0 :ui workspaces nil nil]
* 15.478558::context:module: =[14 0 0 :editor evil (+everywhere) nil]
* 15.486881::context:module: =[15 0 0 :editor file-templates nil nil]
* 15.487523::context:module: =[16 0 0 :editor fold nil nil]
* 15.489384::context:module: =[17 0 0 :editor snippets nil nil]
* 15.490888::context:module: =[18 0 0 :emacs dired nil nil]
* 15.493761::context:module: =[19 0 0 :emacs electric nil nil]
* 15.493823::context:module: =[20 0 0 :emacs undo nil nil]
* 15.495610::context:module: =[21 0 0 :emacs vc nil nil]
* 15.498868::context:module: =[22 0 0 :checkers syntax nil nil]
* 15.500851::context:module: =[23 0 0 :tools eval (+overlay) nil]
* 15.501918::context:module: =[24 0 0 :tools lookup nil nil]
* 15.506392::context:module: =[25 0 0 :tools magit nil nil]
* 15.508373::context:module: =[26 0 0 :lang emacs-lisp nil nil]
* 15.512554::context:module: =[27 0 0 :lang markdown nil nil]
* 15.514844::context:module: =[28 0 0 :lang org nil nil]
* 15.531783::context:module: =[29 0 0 :lang sh nil nil]
* 15.533085::context:module: =[30 0 0 :config default (+bindings +smartparens) nil]
* 15.534925::context:module: =[1 105 -105 :user nil nil nil]
> Installing packages...
  > Updating recipe repos...
    > Updating recipes for melpa...
    > Updating recipes for nongnu-elpa...
    > Updating recipes for gnu-elpa-mirror...
    > Updating recipes for el-get...
    > Updating recipes for emacsmirror-mirror...
  > Cloning link-hint.el...
  > Building link-hint...
  > Building link-hint > Cloning avy...
  - Checked out avy: be612110cb116a38b8603df367942e2bb3d9bdbe
  > Building link-hint > Building avy...
    INFO     Scraping files for loaddefs... 
    INFO     Scraping files for loaddefs...done
    GEN      avy-autoloads.el
  > Building link-hint...
    INFO     Scraping files for loaddefs... 
    INFO     Scraping files for loaddefs...done
    GEN      link-hint-autoloads.el
  > Cloning drag-stuff.el...
  > Building drag-stuff...
    INFO     Scraping files for loaddefs... 
    INFO     Scraping files for loaddefs...done
    GEN      drag-stuff-autoloads.el
  > Cloning company-shell...
  - Checked out company-shell: 5f959a63a6e66eb0cbdac3168cad523a62cc2ccd
  > Building company-shell...
  > Building company-shell > Cloning company-mode (for company)...
  > Building company-shell > Building company...
    INFO     Scraping files for loaddefs... 
    INFO     Scraping files for loaddefs...done
    GEN      company-autoloads.el
  > Building company-shell > Cloning dash.el...
  > Building company-shell > Building dash...
    INFO     Scraping files for loaddefs... 
    INFO     Scraping files for loaddefs...done
    GEN      dash-autoloads.el
  > Building company-shell...
    INFO     Scraping files for loaddefs... 
    INFO     Scraping files for loaddefs...done
    GEN      company-shell-autoloads.el
  > Cloning ob-async...
  - Checked out ob-async: 9aac486073f5c356ada20e716571be33a350a982
  > Building ob-async...
  > Building ob-async > Cloning emacs-async...
  > Building ob-async > Building async...
    INFO     Scraping files for loaddefs... 
    INFO     Scraping files for loaddefs...done
    GEN      async-autoloads.el
  > Building ob-async > Cloning org...
  - Checked out org: 57b94f3447b9046dac2f9238e24ad902510056cc
  > Building ob-async > Building org...
    INFO     Scraping files for loaddefs... 
    INFO     Scraping files for loaddefs...90% 
    INFO     Scraping files for loaddefs...done
    GEN      org-autoloads.el
  > Building ob-async...
    INFO     Scraping files for loaddefs... 
    INFO     Scraping files for loaddefs...done
    GEN      ob-async-autoloads.el
  > Cloning orgit...
  - Checked out orgit: b60efabc4a1b15d7eacaabc5bdfe6f3c20fee161
  > Building orgit...
  > Building orgit > Cloning compat...
  - Checked out compat: ea8de2ea18cf7c348aadb6eb2aeb2a9d840bd064
  > Building orgit > Building compat...
  > Building orgit > Building compat > Cloning seq...
  > Building orgit > Building compat > Building seq...
    INFO     Scraping files for loaddefs... 
    INFO     Scraping files for loaddefs...done
    GEN      seq-autoloads.el
  > Building orgit > Building compat...
    INFO     Scraping files for loaddefs... 
    INFO     Scraping files for loaddefs...done
  > Building orgit > Cloning magit...
  - Checked out magit: 48818355728c48d986d74dde8b1e9fba25f0fd53
  > Building orgit > Building magit...
  > Building orgit > Building magit > Building git-commit...
  > Building orgit > Building magit > Building git-commit > Cloning transient...
  > Building orgit > Building magit > Building git-commit > Building transient...
    INFO     Scraping files for loaddefs... 
    INFO     Scraping files for loaddefs...done
    GEN      transient-autoloads.el
  > Building orgit > Building magit > Building git-commit > Cloning with-editor...
  > Building orgit > Building magit > Building git-commit > Building with-editor...
    INFO     Scraping files for loaddefs... 
    INFO     Scraping files for loaddefs...done
    GEN      with-editor-autoloads.el
  > Building orgit > Building magit > Building git-commit...
    INFO     Scraping files for loaddefs... 
    INFO     Scraping files for loaddefs...done
    GEN      git-commit-autoloads.el
  > Building orgit > Building magit > Building magit-section...
    INFO     Scraping files for loaddefs... 
    INFO     Scraping files for loaddefs...done
  > Building orgit > Building magit...
    INFO     Scraping files for loaddefs... 
    INFO     Scraping files for loaddefs...done
    GEN      magit-autoloads.el
  > Building orgit...
    INFO     Scraping files for loaddefs... 
    INFO     Scraping files for loaddefs...done
    GEN      orgit-autoloads.el
  > Cloning evil-org-mode (for evil-org)...
  > Building evil-org...
  > Building evil-org > Cloning evil...
  - Checked out evil: 5fc16776c5eb00c956ec7e9d83facb6a38dd868d
  > Building evil-org > Building evil...
  > Building evil-org > Building evil > Cloning goto-chg...
  > Building evil-org > Building evil > Building goto-chg...
    INFO     Scraping files for loaddefs... 
    INFO     Scraping files for loaddefs...done
    GEN      goto-chg-autoloads.el
  > Building evil-org > Building evil...
    INFO     Scraping files for loaddefs... 
    INFO     Scraping files for loaddefs...done
    GEN      evil-autoloads.el
  > Building evil-org...
    INFO     Scraping files for loaddefs... 
    INFO     Scraping files for loaddefs...done
    GEN      evil-org-autoloads.el
  > Cloning org-cliplink...
  - Checked out org-cliplink: 13e0940b65d22bec34e2de4bc8cba1412a7abfbc
  > Building org-cliplink...
    INFO     Scraping files for loaddefs... 
    INFO     Scraping files for loaddefs...done
    GEN      org-cliplink-autoloads.el
  > Cloning toc-org...
  - Checked out toc-org: 6d3ae0fc47ce79b1ea06cabe21a3c596395409cd
  > Building toc-org...
    INFO     Scraping files for loaddefs... 
    INFO     Scraping files for loaddefs...done
    GEN      toc-org-autoloads.el
  > Cloning ox-clip...
  - Checked out ox-clip: ff117cf3c619eef12eccc0ccbfa3f11adb73ea68
  > Building ox-clip...
  > Building ox-clip > Cloning emacs-htmlize...
  > Building ox-clip > Building htmlize...
    INFO     Scraping files for loaddefs... 
    INFO     Scraping files for loaddefs...done
    GEN      htmlize-autoloads.el
  > Building ox-clip...
    INFO     Scraping files for loaddefs... 
    INFO     Scraping files for loaddefs...done
    GEN      ox-clip-autoloads.el
  > Cloning org-yt...
  - Checked out org-yt: 56166f48e04d83668f70ed84706b7a4d8b1e5438
  > Building org-yt...
    INFO     Scraping files for loaddefs... 
    INFO     Scraping files for loaddefs...done
  > Cloning org-contrib...
  - Checked out org-contrib: 79286861ae3f4a47fbc66ce97cd527196f60c4a8
  > Building org-contrib...
    INFO     Scraping files for loaddefs... 
    INFO     Scraping files for loaddefs...done
    GEN      org-contrib-autoloads.el
  > Cloning evil-markdown...
  - Checked out evil-markdown: 8e6cc68af83914b2fa9fd3a3b8472573dbcef477
  > Building evil-markdown...
    INFO     Scraping files for loaddefs... 
    INFO     Scraping files for loaddefs...done
    GEN      evil-markdown-autoloads.el
  > Cloning edit-indirect...
  - Checked out edit-indirect: f80f63822ffae78de38dbe72cacaeb1aaa96c732
  > Building edit-indirect...
    INFO     Scraping files for loaddefs... 
    INFO     Scraping files for loaddefs...done
    GEN      edit-indirect-autoloads.el
  > Cloning markdown-toc...
  - Checked out markdown-toc: 3d724e518a897343b5ede0b976d6fb46c46bcc01
  > Building markdown-toc...
  > Building markdown-toc > Cloning s.el...
  > Building markdown-toc > Building s...
    INFO     Scraping files for loaddefs... 
    INFO     Scraping files for loaddefs...done
  > Building markdown-toc > Cloning markdown-mode...
  - Checked out markdown-mode: b1a862f0165b7bafe0f874738a55be1b1720dd7d
  > Building markdown-toc > Building markdown-mode...
    INFO     Scraping files for loaddefs... 
    INFO     Scraping files for loaddefs...done
    GEN      markdown-mode-autoloads.el
  > Building markdown-toc...
    INFO     Scraping files for loaddefs... 
    INFO     Scraping files for loaddefs...done
    GEN      markdown-toc-autoloads.el
  > Cloning emacs-buttercup...
  > Building buttercup...
    INFO     Scraping files for loaddefs... 
    INFO     Scraping files for loaddefs...done
    GEN      buttercup-autoloads.el
  > Cloning flycheck-cask...
  - Checked out flycheck-cask: 4b2ede6362ded4a45678dfbef1876faa42edbd58
  > Building flycheck-cask...
  > Building flycheck-cask > Cloning flycheck...
  - Checked out flycheck: e56e30d8c66ffc9776d07740658d3b542c1a8e21
  > Building flycheck-cask > Building flycheck...
  > Building flycheck-cask > Building flycheck > Cloning pkg-info...
  > Building flycheck-cask > Building flycheck > Building pkg-info...
  > Building flycheck-cask > Building flycheck > Building pkg-info > Cloning epl...
  > Building flycheck-cask > Building flycheck > Building pkg-info > Building epl...
    INFO     Scraping files for loaddefs... 
    INFO     Scraping files for loaddefs...done
  > Building flycheck-cask > Building flycheck > Building pkg-info...
    INFO     Scraping files for loaddefs... 
    INFO     Scraping files for loaddefs...done
    GEN      pkg-info-autoloads.el
  > Building flycheck-cask > Building flycheck...
    INFO     Scraping files for loaddefs... 
    INFO     Scraping files for loaddefs...done
    GEN      flycheck-autoloads.el
  > Building flycheck-cask...
    INFO     Scraping files for loaddefs... 
    INFO     Scraping files for loaddefs...done
    GEN      flycheck-cask-autoloads.el
  > Cloning flycheck-package...
  - Checked out flycheck-package: 3a6aaed29ff61418c48c0251e1432c30748ae739
  > Building flycheck-package...
  > Building flycheck-package > Cloning package-lint...
  > Building flycheck-package > Building package-lint...
    INFO     Scraping files for loaddefs... 
    INFO     Scraping files for loaddefs...done
    GEN      package-lint-autoloads.el
  > Building flycheck-package...
    INFO     Scraping files for loaddefs... 
    INFO     Scraping files for loaddefs...done
    GEN      flycheck-package-autoloads.el
  > Cloning elisp-demos...
  - Checked out elisp-demos: 8d0cd806b109076e6c4383edf59dbab9435dc5dc
  > Building elisp-demos...
    INFO     Scraping files for loaddefs... 
    INFO     Scraping files for loaddefs...done
    GEN      elisp-demos-autoloads.el
  > Cloning elisp-def...
  - Checked out elisp-def: 1d2e88a232ec16bce036b49577c4d4d96035f9f7
  > Building elisp-def...
  > Building elisp-def > Cloning f.el...
  > Building elisp-def > Building f...
    INFO     Scraping files for loaddefs... 
    INFO     Scraping files for loaddefs...done
  > Building elisp-def...
    INFO     Scraping files for loaddefs... 
    INFO     Scraping files for loaddefs...done
    GEN      elisp-def-autoloads.el
  > Cloning overseer.el...
  > Building overseer...
    INFO     Scraping files for loaddefs... 
  overseer: Warning: Use keywords rather than deprecated positional arguments to `define-minor-mode'
    INFO     Scraping files for loaddefs...done
    GEN      overseer-autoloads.el
  > Cloning macrostep...
  - Checked out macrostep: 0b04a89f698c335c9ea492553470a8d45c113edd
  > Building macrostep...
    INFO     Scraping files for loaddefs... 
    INFO     Scraping files for loaddefs...done
    GEN      macrostep-autoloads.el
  > Cloning highlight-quoted...
  - Checked out highlight-quoted: 24103478158cd19fbcfb4339a3f1fa1f054f1469
  > Building highlight-quoted...
    INFO     Scraping files for loaddefs... 
    INFO     Scraping files for loaddefs...done
    GEN      highlight-quoted-autoloads.el
  > Cloning magit-todos...
  - Checked out magit-todos: cadf29d1cc410c71a0020c7f83999d9f61721b90
  > Building magit-todos...
  > Building magit-todos > Cloning hl-todo...
  - Checked out hl-todo: 70ce48470c85f1441de2c9428a240c3287995846
  > Building magit-todos > Building hl-todo...
    INFO     Scraping files for loaddefs... 
    INFO     Scraping files for loaddefs...done
    GEN      hl-todo-autoloads.el
  > Building magit-todos > Cloning pcre2el...
  - Checked out pcre2el: 018531ba0cf8e2b28d1108136a0e031b6a45f1c1
  > Building magit-todos > Building pcre2el...
    INFO     Scraping files for loaddefs... 
    INFO     Scraping files for loaddefs...done
    GEN      pcre2el-autoloads.el
  > Building magit-todos...
    INFO     Scraping files for loaddefs... 
    INFO     Scraping files for loaddefs...done
    GEN      magit-todos-autoloads.el
  > Cloning emacs-request...
  > Building request...
    INFO     Scraping files for loaddefs... 
    INFO     Scraping files for loaddefs...done
    GEN      request-autoloads.el
  > Cloning dumb-jump...
  - Checked out dumb-jump: d9503c157ab88f0ed2fa1301aeb57e95ac564760
  > Building dumb-jump...
  > Building dumb-jump > Cloning popup-el (for popup)...
  > Building dumb-jump > Building popup...
    INFO     Scraping files for loaddefs... 
    INFO     Scraping files for loaddefs...done
  > Building dumb-jump...
    INFO     Scraping files for loaddefs... 
    INFO     Scraping files for loaddefs...done
    GEN      dumb-jump-autoloads.el
  > Cloning eros...
  - Checked out eros: a9a92bdc6be0521a6a06eb464be55ed61946639c
  > Building eros...
    INFO     Scraping files for loaddefs... 
    INFO     Scraping files for loaddefs...done
    GEN      eros-autoloads.el
  > Cloning quickrun...
  - Checked out quickrun: 6f963189305e8311c8193ba774f4244eb1315f57
  > Building quickrun...
  > Building quickrun > Cloning ht.el...
  > Building quickrun > Building ht...
    INFO     Scraping files for loaddefs... 
    INFO     Scraping files for loaddefs...done
  > Building quickrun...
    INFO     Scraping files for loaddefs... 
    INFO     Scraping files for loaddefs...done
    GEN      quickrun-autoloads.el
  > Cloning flycheck-popup-tip...
  - Checked out flycheck-popup-tip: ef86aad907f27ca076859d8d9416f4f7727619c6
  > Building flycheck-popup-tip...
    INFO     Scraping files for loaddefs... 
    INFO     Scraping files for loaddefs...done
    GEN      flycheck-popup-tip-autoloads.el
  > Cloning git-modes...
  - Checked out git-modes: f0a0154bf48dd1c0c587596cf4cfd3c90f673a05
  > Building git-modes...
    INFO     Scraping files for loaddefs... 
    INFO     Scraping files for loaddefs...done
    GEN      git-modes-autoloads.el
  > Cloning git-timemachine...
  - Checked out git-timemachine: d8ffd0d7cc4ab3dd7de494c9ea36dfd99e2744fa
  > Building git-timemachine...
    INFO     Scraping files for loaddefs... 
    INFO     Scraping files for loaddefs...done
    GEN      git-timemachine-autoloads.el
  > Cloning browse-at-remote...
  - Checked out browse-at-remote: c020975a891438e278ad1855213d4f3d62c9fccb
  > Building browse-at-remote...
    INFO     Scraping files for loaddefs... 
    INFO     Scraping files for loaddefs...done
    GEN      browse-at-remote-autoloads.el
  > Cloning vundo...
  - Checked out vundo: 24271862a2f746be038306eafe20f5eff55c4566
  > Building vundo...
    INFO     Scraping files for loaddefs... 
    INFO     Scraping files for loaddefs...done
    GEN      vundo-autoloads.el
  > Cloning emacs-undo-fu-session...
  > Building undo-fu-session...
    INFO     Scraping files for loaddefs... 
    INFO     Scraping files for loaddefs...done
    GEN      undo-fu-session-autoloads.el
  > Cloning emacs-undo-fu...
  > Building undo-fu...
    INFO     Scraping files for loaddefs... 
    INFO     Scraping files for loaddefs...done
    GEN      undo-fu-autoloads.el
  > Cloning fd-dired...
  - Checked out fd-dired: 458464771bb220b6eb87ccfd4c985c436e57dc7e
  > Building fd-dired...
    INFO     Scraping files for loaddefs... 
    INFO     Scraping files for loaddefs...done
    GEN      fd-dired-autoloads.el
  > Cloning dired-rsync...
  - Checked out dired-rsync: 7940d9154d0a908693999b0e1ea351a6d365c93d
  > Building dired-rsync...
    INFO     Scraping files for loaddefs... 
    INFO     Scraping files for loaddefs...done
    GEN      dired-rsync-autoloads.el
  > Cloning dired-git-info...
  - Checked out dired-git-info: 9461476a28a5fec0784260f6e318237c662c3430
  > Building dired-git-info...
    INFO     Scraping files for loaddefs... 
    INFO     Scraping files for loaddefs...done
    GEN      dired-git-info-autoloads.el
  > Cloning diredfl...
  - Checked out diredfl: f9140b2c42151dca669003d685c9f079b2e3dc37
  > Building diredfl...
    INFO     Scraping files for loaddefs... 
    INFO     Scraping files for loaddefs...done
    GEN      diredfl-autoloads.el
  > Cloning snippets (for doom-snippets)...
  > Building doom-snippets...
  > Building doom-snippets > Cloning yasnippet...
  - Checked out yasnippet: 76e1eee654ea9479ba1441f9c17567694e6a2096
  > Building doom-snippets > Building yasnippet...
    INFO     Scraping files for loaddefs... 
    INFO     Scraping files for loaddefs...done
    GEN      yasnippet-autoloads.el
  > Building doom-snippets...
    INFO     Scraping files for loaddefs... 
    INFO     Scraping files for loaddefs...done
    GEN      doom-snippets-autoloads.el
  > Cloning auto-yasnippet...
  - Checked out auto-yasnippet: 6a9e406d0d7f9dfd6dff7647f358cb05a0b1637e
  > Building auto-yasnippet...
    INFO     Scraping files for loaddefs... 
    INFO     Scraping files for loaddefs...done
    GEN      auto-yasnippet-autoloads.el
  > Cloning evil-vimish-fold...
  - Checked out evil-vimish-fold: b6e0e6b91b8cd047e80debef1a536d9d49eef31a
  > Building evil-vimish-fold...
  > Building evil-vimish-fold > Cloning vimish-fold...
  - Checked out vimish-fold: a6501cbfe3db791f9ca17fd986c7202a87f3adb8
  > Building evil-vimish-fold > Building vimish-fold...
    INFO     Scraping files for loaddefs... 
    INFO     Scraping files for loaddefs...done
    GEN      vimish-fold-autoloads.el
  > Building evil-vimish-fold...
    INFO     Scraping files for loaddefs... 
    INFO     Scraping files for loaddefs...done
    GEN      evil-vimish-fold-autoloads.el
  > Cloning evil-collection...
  - Checked out evil-collection: 8be4b75c86bc637dbcd14be7522d6da06df1747e
  > Building evil-collection...
  > Building evil-collection > Cloning annalist.el...
  > Building evil-collection > Building annalist...
    INFO     Scraping files for loaddefs... 
    INFO     Scraping files for loaddefs...done
    GEN      annalist-autoloads.el
  > Building evil-collection...
    INFO     Scraping files for loaddefs... 
    INFO     Scraping files for loaddefs...done
    GEN      evil-collection-autoloads.el
  > Cloning evil-quick-diff...
  - Checked out evil-quick-diff: 69c883720b30a892c63bc89f49d4f0e8b8028908
  > Building evil-quick-diff...
    INFO     Scraping files for loaddefs... 
    INFO     Scraping files for loaddefs...done
    GEN      evil-quick-diff-autoloads.el
  > Cloning exato...
  - Checked out exato: aee7af7b7a0e7551478f453d1de7d5b9cb2e06c4
  > Building exato...
    INFO     Scraping files for loaddefs... 
    INFO     Scraping files for loaddefs...done
  > Cloning evil-visualstar...
  - Checked out evil-visualstar: 06c053d8f7381f91c53311b1234872ca96ced752
  > Building evil-visualstar...
    INFO     Scraping files for loaddefs... 
    INFO     Scraping files for loaddefs...done
    GEN      evil-visualstar-autoloads.el
  > Cloning evil-traces...
  - Checked out evil-traces: 82e8a7b4213aed140f6eb5f2cc33a09bb5587166
  > Building evil-traces...
    INFO     Scraping files for loaddefs... 
    INFO     Scraping files for loaddefs...done
    GEN      evil-traces-autoloads.el
  > Cloning evil-textobj-anyblock...
  - Checked out evil-textobj-anyblock: 29280cd71a05429364cdceef2ff595ae8afade4d
  > Building evil-textobj-anyblock...
    INFO     Scraping files for loaddefs... 
    INFO     Scraping files for loaddefs...done
    GEN      evil-textobj-anyblock-autoloads.el
  > Cloning evil-surround...
  - Checked out evil-surround: 8fad8540c490d94a820004f227552ca08e3e3857
  > Building evil-surround...
    INFO     Scraping files for loaddefs... 
    INFO     Scraping files for loaddefs...done
    GEN      evil-surround-autoloads.el
  > Cloning evil-snipe...
  - Checked out evil-snipe: c2108d3932fcd2f75ac3e48250d6badd668f5b4f
  > Building evil-snipe...
    INFO     Scraping files for loaddefs... 
    INFO     Scraping files for loaddefs...done
    GEN      evil-snipe-autoloads.el
  > Cloning evil-numbers...
  - Checked out evil-numbers: 7a1b62afc12da2b582bf84d722e7b10ca8b97065
  > Building evil-numbers...
    INFO     Scraping files for loaddefs... 
    INFO     Scraping files for loaddefs...done
    GEN      evil-numbers-autoloads.el
  > Cloning evil-nerd-commenter...
  - Checked out evil-nerd-commenter: 3b197a2b559b06a7cf39978704b196f53dac802a
  > Building evil-nerd-commenter...
    INFO     Scraping files for loaddefs... 
    INFO     Scraping files for loaddefs...done
    GEN      evil-nerd-commenter-autoloads.el
  > Cloning evil-lion...
  - Checked out evil-lion: 1e838a53b8f18a3c8bdf3e952186abc2ee9cb98e
  > Building evil-lion...
    INFO     Scraping files for loaddefs... 
    INFO     Scraping files for loaddefs...done
    GEN      evil-lion-autoloads.el
  > Cloning evil-indent-plus...
  - Checked out evil-indent-plus: b4dacbfdb57f474f798bfbf5026d434d549eb65c
  > Building evil-indent-plus...
    INFO     Scraping files for loaddefs... 
    INFO     Scraping files for loaddefs...done
    GEN      evil-indent-plus-autoloads.el
  > Cloning evil-exchange...
  - Checked out evil-exchange: 5f0a2d41434c17c6fb02e4f744043775de1c63a2
  > Building evil-exchange...
    INFO     Scraping files for loaddefs... 
    INFO     Scraping files for loaddefs...done
    GEN      evil-exchange-autoloads.el
  > Cloning evil-escape...
  - Checked out evil-escape: 819f1ee1cf3f69a1ae920e6004f2c0baeebbe077
  > Building evil-escape...
    INFO     Scraping files for loaddefs... 
    INFO     Scraping files for loaddefs...done
    GEN      evil-escape-autoloads.el
  > Cloning evil-embrace.el...
  > Building evil-embrace...
  > Building evil-embrace > Cloning embrace.el...
  > Building evil-embrace > Building embrace...
  > Building evil-embrace > Building embrace > Cloning expand-region.el...
  > Building evil-embrace > Building embrace > Building expand-region...
    INFO     Scraping files for loaddefs... 
    INFO     Scraping files for loaddefs...done
    GEN      expand-region-autoloads.el
  > Building evil-embrace > Building embrace...
    INFO     Scraping files for loaddefs... 
    INFO     Scraping files for loaddefs...done
    GEN      embrace-autoloads.el
  > Building evil-embrace...
    INFO     Scraping files for loaddefs... 
    INFO     Scraping files for loaddefs...done
    GEN      evil-embrace-autoloads.el
  > Cloning evil-easymotion...
  - Checked out evil-easymotion: f96c2ed38ddc07908db7c3c11bcd6285a3e8c2e9
  > Building evil-easymotion...
    INFO     Scraping files for loaddefs... 
    INFO     Scraping files for loaddefs...done
    GEN      evil-easymotion-autoloads.el
  > Cloning evil-args...
  - Checked out evil-args: 2671071a4a57eaee7cc8c27b9e4b6fc60fd2ccd3
  > Building evil-args...
    INFO     Scraping files for loaddefs... 
    INFO     Scraping files for loaddefs...done
    GEN      evil-args-autoloads.el
  > Cloning persp-mode.el...
  > Building persp-mode...
    INFO     Scraping files for loaddefs... 
    INFO     Scraping files for loaddefs...done
    GEN      persp-mode-autoloads.el
  > Cloning vi-tilde-fringe...
  - Checked out vi-tilde-fringe: f1597a8d54535bb1d84b442577b2024e6f910308
  > Building vi-tilde-fringe...
    INFO     Scraping files for loaddefs... 
    INFO     Scraping files for loaddefs...done
    GEN      vi-tilde-fringe-autoloads.el
  > Cloning git-gutter-fringe...
  - Checked out git-gutter-fringe: 648cb5b57faec55711803cdc9434e55a733c3eba
  > Building git-gutter-fringe...
  > Building git-gutter-fringe > Cloning git-gutter...
  > Building git-gutter-fringe > Building git-gutter...
    INFO     Scraping files for loaddefs... 
    INFO     Scraping files for loaddefs...done
    GEN      git-gutter-autoloads.el
  > Building git-gutter-fringe > Cloning fringe-helper.el...
  > Building git-gutter-fringe > Building fringe-helper...
    INFO     Scraping files for loaddefs... 
    INFO     Scraping files for loaddefs...done
  > Building git-gutter-fringe...
    INFO     Scraping files for loaddefs... 
    INFO     Scraping files for loaddefs...done
  > Cloning evil-goggles...
  - Checked out evil-goggles: 0070c9d8447e1696f8713d0c13ff64ef0979d580
  > Building evil-goggles...
    INFO     Scraping files for loaddefs... 
    INFO     Scraping files for loaddefs...done
    GEN      evil-goggles-autoloads.el
  > Cloning evil-anzu...
  - Checked out evil-anzu: d1e98ee6976437164627542909a25c6946497899
  > Building evil-anzu...
  > Building evil-anzu > Cloning anzu...
  - Checked out anzu: 5abb37455ea44fa401d5f4c1bdc58adb2448db67
  > Building evil-anzu > Building anzu...
    INFO     Scraping files for loaddefs... 
    INFO     Scraping files for loaddefs...done
    GEN      anzu-autoloads.el
  > Building evil-anzu...
    INFO     Scraping files for loaddefs... 
    INFO     Scraping files for loaddefs...done
  > Cloning doom-modeline...
  - Checked out doom-modeline: 93f240f7a0bf35511cfc0a8dd75786744b4bcf77
  > Building doom-modeline...
  > Building doom-modeline > Cloning nerd-icons.el...
  > Building doom-modeline > Building nerd-icons...
    INFO     Scraping files for loaddefs... 
    INFO     Scraping files for loaddefs...done
    GEN      nerd-icons-autoloads.el
  > Building doom-modeline > Cloning shrink-path.el...
  > Building doom-modeline > Building shrink-path...
    INFO     Scraping files for loaddefs... 
    INFO     Scraping files for loaddefs...done
  > Building doom-modeline...
    INFO     Scraping files for loaddefs... 
    INFO     Scraping files for loaddefs...done
    GEN      doom-modeline-autoloads.el
  > Cloning emacs-solaire-mode...
  > Building solaire-mode...
    INFO     Scraping files for loaddefs... 
    INFO     Scraping files for loaddefs...done
    GEN      solaire-mode-autoloads.el
  > Cloning themes (for doom-themes)...
  > Building doom-themes...
    INFO     Scraping files for loaddefs... 
    INFO     Scraping files for loaddefs...done
    GEN      doom-themes-autoloads.el
  > Cloning Emacs-wgrep (for wgrep)...
  > Building wgrep...
    INFO     Scraping files for loaddefs... 
    INFO     Scraping files for loaddefs...done
    GEN      wgrep-autoloads.el
  > Cloning marginalia...
  - Checked out marginalia: 866e50aee4f066b0903752c69b33e9b7cab93f97
  > Building marginalia...
    INFO     Scraping files for loaddefs... 
    INFO     Scraping files for loaddefs...done
    GEN      marginalia-autoloads.el
  > Cloning embark (for embark-consult)...
  > Building embark-consult...
  - Checked out embark: 9a44418c349e41020cdc5ad1bd21e8c77a429062
  > Building embark-consult > Building embark...
    INFO     Scraping files for loaddefs... 
    INFO     Scraping files for loaddefs...done
    GEN      embark-autoloads.el
  > Building embark-consult > Cloning consult...
  - Checked out consult: fe49dedd71802ff97be7b89f1ec4bd61b98c2b13
  > Building embark-consult > Building consult...
    INFO     Scraping files for loaddefs... 
    INFO     Scraping files for loaddefs...done
    GEN      consult-autoloads.el
  > Building embark-consult...
    INFO     Scraping files for loaddefs... 
    INFO     Scraping files for loaddefs...done
  > Cloning consult-flycheck...
  - Checked out consult-flycheck: 3f2a7c17cc2fe64e0c07e3bf90e33c885c0d7062
  > Building consult-flycheck...
    INFO     Scraping files for loaddefs... 
    INFO     Scraping files for loaddefs...done
    GEN      consult-flycheck-autoloads.el
  > Cloning consult-dir...
  - Checked out consult-dir: ed8f0874d26f10f5c5b181ab9f2cf4107df8a0eb
  > Building consult-dir...
  > Building consult-dir > Cloning project...
  - Checked out project: f64bcf065c0731caecbdcff5ca1c7f2d711b5b1e
  > Building consult-dir > Building project...
  > Building consult-dir > Building project > Cloning xref...
  > Building consult-dir > Building project > Building xref...
    INFO     Scraping files for loaddefs... 
    INFO     Scraping files for loaddefs...done
    GEN      xref-autoloads.el
  > Building consult-dir > Building project...
    INFO     Scraping files for loaddefs... 
    INFO     Scraping files for loaddefs...done
    GEN      project-autoloads.el
  > Building consult-dir...
    INFO     Scraping files for loaddefs... 
    INFO     Scraping files for loaddefs...done
    GEN      consult-dir-autoloads.el
  > Cloning orderless...
  - Checked out orderless: e6784026717a8a6a7dcd0bf31fd3414f148c542e
  > Building orderless...
    INFO     Scraping files for loaddefs... 
    INFO     Scraping files for loaddefs...done
    GEN      orderless-autoloads.el
  > Cloning vertico...
  - Checked out vertico: a28370d07f35c5387c7a9ec2e5b67f0d4598058d
  > Building vertico...
    INFO     Scraping files for loaddefs... 
    INFO     Scraping files for loaddefs...done
    GEN      vertico-autoloads.el
  > Cloning emacs-company-dict...
  > Building company-dict...
  > Building company-dict > Cloning parent-mode...
  > Building company-dict > Building parent-mode...
    INFO     Scraping files for loaddefs... 
    INFO     Scraping files for loaddefs...done
  > Building company-dict...
    INFO     Scraping files for loaddefs... 
    INFO     Scraping files for loaddefs...done
    GEN      company-dict-autoloads.el
  > Cloning emacs-which-key...
  > Building which-key...
    INFO     Scraping files for loaddefs... 
    INFO     Scraping files for loaddefs...done
    GEN      which-key-autoloads.el
  > Cloning general.el...
  > Building general...
    INFO     Scraping files for loaddefs... 
    INFO     Scraping files for loaddefs...done
    GEN      general-autoloads.el
  > Cloning projectile...
  - Checked out projectile: 9446ea92d28462aeb37846a8be0a0c97a7bc0cee
  > Building projectile...
    INFO     Scraping files for loaddefs... 
    INFO     Scraping files for loaddefs...done
    GEN      projectile-autoloads.el
  > Cloning ws-butler...
  - Checked out ws-butler: 572a10c11b6cb88293de48acbb59a059d36f9ba5
  > Building ws-butler...
    INFO     Scraping files for loaddefs... 
    INFO     Scraping files for loaddefs...done
    GEN      ws-butler-autoloads.el
  > Cloning smartparens...
  - Checked out smartparens: 0778a8a84064cf2bc3a9857bd0e7a4619cc1e5c3
  > Building smartparens...
    INFO     Scraping files for loaddefs... 
    INFO     Scraping files for loaddefs...done
    GEN      smartparens-autoloads.el
  > Cloning helpful...
  - Checked out helpful: a32a5b3d959a7fccf09a71d97b3d7c888ac31c69
  > Building helpful...
  > Building helpful > Cloning elisp-refs...
  > Building helpful > Building elisp-refs...
    INFO     Scraping files for loaddefs... 
    INFO     Scraping files for loaddefs...done
    GEN      elisp-refs-autoloads.el
  > Building helpful...
    INFO     Scraping files for loaddefs... 
    INFO     Scraping files for loaddefs...done
    GEN      helpful-autoloads.el
  > Cloning dtrt-indent...
  - Checked out dtrt-indent: e0630f74f915c6cded05f76f66d66e540fcc37c3
  > Building dtrt-indent...
    INFO     Scraping files for loaddefs... 
    INFO     Scraping files for loaddefs...done
    GEN      dtrt-indent-autoloads.el
  > Cloning better-jumper...
  - Checked out better-jumper: 47622213783ece37d5337dc28d33b530540fc319
  > Building better-jumper...
    INFO     Scraping files for loaddefs... 
    INFO     Scraping files for loaddefs...done
    GEN      better-jumper-autoloads.el
  > Cloning restart-emacs...
  - Checked out restart-emacs: 1607da2bc657fe05ae01f7fdf26f716eafead02c
  > Building restart-emacs...
    INFO     Scraping files for loaddefs... 
    INFO     Scraping files for loaddefs...done
    GEN      restart-emacs-autoloads.el
  > Cloning rainbow-delimiters...
  - Checked out rainbow-delimiters: f40ece58df8b2f0fb6c8576b527755a552a5e763
  > Building rainbow-delimiters...
    INFO     Scraping files for loaddefs... 
    INFO     Scraping files for loaddefs...done
    GEN      rainbow-delimiters-autoloads.el
  > Cloning highlight-numbers...
  - Checked out highlight-numbers: 8b4744c7f46c72b1d3d599d4fb75ef8183dee307
  > Building highlight-numbers...
    INFO     Scraping files for loaddefs... 
    INFO     Scraping files for loaddefs...done
    GEN      highlight-numbers-autoloads.el
  > Cloning emacs-hide-mode-line...
  > Building hide-mode-line...
    INFO     Scraping files for loaddefs... 
    INFO     Scraping files for loaddefs...done
    GEN      hide-mode-line-autoloads.el
  > Cloning all-the-icons.el...
  > Building all-the-icons...
    INFO     Scraping files for loaddefs... 
    INFO     Scraping files for loaddefs...done
    GEN      all-the-icons-autoloads.el
  > Building straight...
    INFO     Scraping files for loaddefs... 
    INFO     Scraping files for loaddefs...done
    GEN      straight-autoloads.el
  > Cloning explain-pause-mode...
  - Checked out explain-pause-mode: 2356c8c3639cbeeb9751744dbe737267849b4b51
  > Building explain-pause-mode...
    INFO     Scraping files for loaddefs... 
    INFO     Scraping files for loaddefs...done
    GEN      explain-pause-mode-autoloads.el
  > Cloning gcmh...
  - Checked out gcmh: 0089f9c3a6d4e9a310d0791cf6fa8f35642ecfd9
  > Building gcmh...
    INFO     Scraping files for loaddefs... 
    INFO     Scraping files for loaddefs...done
    GEN      gcmh-autoloads.el
  > Cloning auto-minor-mode...
  - Checked out auto-minor-mode: 17cfa1b54800fdef2975c0c0531dad34846a5065
  > Building auto-minor-mode...
    INFO     Scraping files for loaddefs... 
    INFO     Scraping files for loaddefs...done
    GEN      auto-minor-mode-autoloads.el
  > Cloning use-package...
  - Checked out use-package: a6e856418d2ebd053b34e0ab2fda328abeba731c
  > Building use-package...
  > Building use-package > Building bind-key...
    INFO     Scraping files for loaddefs... 
    INFO     Scraping files for loaddefs...done
    GEN      bind-key-autoloads.el
  > Building use-package...
    INFO     Scraping files for loaddefs... 
    INFO     Scraping files for loaddefs...done
    GEN      use-package-autoloads.el
  ✓ Installed 135 packages
Regenerating autoloads files
> (Re)building profile in /home/roberto/.config/emacs/.local/etc/...
  > Deleting old init files...
  > Generating 4 init files...
  > Byte-compiling ~/.config/emacs/.local/etc/@init.29.el...
  ✓ Built init.29.elc
Deploying commit-msg and pre-push git hooks
  * 468.200319:*:cli:call: (doom env) -> (doom ci deploy-hooks)
  * 468.200494:*:cli:context-parse: found command (doom)
  * 468.200979:*:cli:load: autoload /home/roberto/.config/emacs/lisp/cli/ci.el
  * 468.201043:*:cli:load: ~/.config/emacs/lisp/cli/ci.el nil
  * 468.212053:*:cli:context-parse: found command (doom ci)
  * 468.212559:*:cli:context-parse: found command (doom ci deploy-hooks)
  * 468.213097:*:cli:context-execute: doom ci deploy-hooks
  * 468.213654:*:cli:execute: (:before) ((input) (context . #s(doom-cli-context (25988 32026 70158 768000) 7596 0 (98 . 37) nil nil doom nil nil (doom ci deploy-hooks) nil (install) ((--deny) (-d) (--allow) (-a) (-o) (--deny-all) (--allow-all) (--hooks) (--fonts) (--install) (--env) (--config) (--eval) (-E) (--strict-load) (--load) (-L) (--color) (--benchmark) (--profile) (--pager) (--emacsdir) (--doomdir) (--verbose) (-v) (--debug) (-D) (--force) (-!)) ((t) ((doom ci deploy-hooks)) ((doom ci) deploy-hooks) ((doom) ci deploy-hooks))  *doom-cli stdin*  *doom-cli stdout*  *doom-cli stderr* nil)) (_) (evals) (loads) (color?) (bench?) (profile) (pager) (emacsdir) (doomdir) (verbose?) (debug?) (force?))
  * 468.213729:*:cli:execute: (doom ci deploy-hooks) ((force))
    ✓ Created ~/.config/emacs/.git/hooks/commit-msg
    ✓ Created ~/.config/emacs/.git/hooks/pre-push
✓  Finished! Doom is ready to go!

But before you doom yourself, here are some things you should know:

1. Don't forget to run 'doom sync', then restart Emacs, after modifying init.el
   or packages.el in ~/.config/doom.

   This command ensures needed packages are installed, orphaned packages are
   removed, and your autoloads/cache files are up to date. When in doubt, run
   'doom sync'!

2. If something goes wrong, run `doom doctor`. It diagnoses common issues with
   your environment and setup, and may offer clues about what is wrong.

3. Use 'doom upgrade' to update Doom. Doing it any other way will require
   additional steps. Run 'doom help upgrade' to understand those extra steps.

4. Access Doom's documentation from within Emacs via 'SPC h d h' or 'C-h d h'
   (or 'M-x doom/help')

Have fun!

* 468.240118:*:cli:Finished (GCs: 1, elapsed: 0.910835s)
* 468.240118:*:cli:Finished (GCs: 1, elapsed: 0.910835s)
✓ Finished in 7m 48s
