* 0.113404:*:cli:run!: doom sync
* 0.113565:*:cli:context-parse: found command (doom)
* 0.114051:*:cli:load: autoload /home/roberto/.config/emacs/lisp/cli/sync.el
* 0.114106:*:cli:load: ~/.config/emacs/lisp/cli/sync.el nil
* 0.114363:*:cli:load: ~/.config/emacs/lisp/cli/packages nil
* 0.145132:*:cli:context-parse: found command (doom sync)
* 0.145690:*:cli:context-execute: doom sync
* 0.146288:*:cli:execute: (:before) ((input) (context . #s(doom-cli-context (25989 8171 9930 435000) 2882 0 (102 . 32) nil nil doom nil nil (doom sync) nil (sync) ((--jobs) (-j) (-p) (-u) (-c) (-e) (--eval) (-E) (--strict-load) (--load) (-L) (--color) (--benchmark) (--profile) (--pager) (--emacsdir) (--doomdir) (--verbose) (-v) (--debug) (-D) (--force) (-!)) ((t) ((doom sync)) ((doom) sync))  *doom-cli stdin*  *doom-cli stdout*  *doom-cli stderr* nil)) (_) (evals) (loads) (color?) (bench?) (profile) (pager) (emacsdir) (doomdir) (verbose?) (debug?) (force?))
* 0.146365:*:cli:execute: (:before doom build) nil
* 0.146409:*:cli:Initializing straight
* 0.146482::context: +packages (cli t)
* 0.146529::context:module: =[0 -110 -110 :core nil nil nil]
* 0.212379:*:cli:Initializing recipes
* 0.224764:*:cli:Installing core packages
* 0.224835:*:cli:execute: (doom sync) ((jobs) (purge?) (update?) (noelc?) (noenvvar?))
* 0.225074:*:cli:call: (doom sync) -> (doom profiles sync --reload)
* 0.225215:*:cli:context-parse: found command (doom)
* 0.225627:*:cli:load: autoload /home/roberto/.config/emacs/lisp/cli/profiles.el
* 0.225680:*:cli:load: ~/.config/emacs/lisp/cli/profiles.el nil
* 0.233133:*:cli:context-parse: found command (doom profiles)
* 0.233628:*:cli:context-parse: found command (doom profiles sync)
* 0.234106:*:cli:context-parse: found switch "--reload"
* 0.234817:*:cli:context-execute: doom profiles sync
* 0.235392:*:cli:execute: (:before) ((input) (context . #s(doom-cli-context (25989 8171 9930 435000) 2882 0 (102 . 32) nil nil doom nil nil (doom profiles sync) nil (sync) ((--reload . --reload) (--jobs) (-j) (-p) (-u) (-c) (-e) (--eval) (-E) (--strict-load) (--load) (-L) (--color) (--benchmark) (--profile) (--pager) (--emacsdir) (--doomdir) (--verbose) (-v) (--debug) (-D) (--force) (-!)) ((t) ((doom profiles sync) --reload) ((doom profiles) sync --reload) ((doom) profiles sync --reload))  *doom-cli stdin*  *doom-cli stdout*  *doom-cli stderr* nil)) (_) (evals) (loads) (color?) (bench?) (profile) (pager) (emacsdir) (doomdir) (verbose?) (debug?) (force?))
* 0.235507:*:cli:execute: (doom profiles sync) ((reload? . --reload))
! No profile loader found. Generating one...
  > Regenerating it...
  > Synchronizing 1 known profile...
    - Added safe-mode
    ✓ Regenerated profile loader: ~/.config/emacs/profiles/load.el
> Synchronizing "default" profile...
  * 0.243140:*:cli:call: (doom profiles sync) -> (doom env)
  * 0.243327:*:cli:context-parse: found command (doom)
  * 0.243802:*:cli:load: autoload /home/roberto/.config/emacs/lisp/cli/env.el
  * 0.243864:*:cli:load: ~/.config/emacs/lisp/cli/env.el nil
  * 0.247068:*:cli:context-parse: found command (doom env)
  * 0.247634:*:cli:context-execute: doom env
  * 0.248194:*:cli:execute: (:before) ((input) (context . #s(doom-cli-context (25989 8171 9930 435000) 2882 0 (102 . 32) nil nil doom nil nil (doom env) nil (sync) ((--deny) (-d) (--allow) (-a) (-o) (--deny-all) (--allow-all) (--reload . --reload) (--jobs) (-j) (-p) (-u) (-c) (-e) (--eval) (-E) (--strict-load) (--load) (-L) (--color) (--benchmark) (--profile) (--pager) (--emacsdir) (--doomdir) (--verbose) (-v) (--debug) (-D) (--force) (-!)) ((t) ((doom env)) ((doom) env))  *doom-cli stdin*  *doom-cli stdout*  *doom-cli stderr* nil)) (_) (evals) (loads) (color?) (bench?) (profile) (pager) (emacsdir) (doomdir) (verbose?) (debug?) (force?))
  * 0.248278:*:cli:execute: (doom env) ((rules) (output-file) (deny-only) (allow-only))
  > Regenerating envvars file
    * 0.249021:*:cli:cli:env: deny OLDPWD
    * 0.249247:*:cli:cli:env: deny DBUS_SESSION_BUS_ADDRESS
    * 0.249516:*:cli:cli:env: deny XDG_RUNTIME_DIR
    * 0.249641:*:cli:cli:env: deny XDG_VTNR
    * 0.249752:*:cli:cli:env: deny SHLVL
    * 0.249819:*:cli:cli:env: deny DISPLAY
    * 0.249873:*:cli:cli:env: deny USER
    * 0.249952:*:cli:cli:env: deny __DOOMPID
    * 0.250015:*:cli:cli:env: deny TERM
    * 0.250090:*:cli:cli:env: deny XDG_SESSION_CLASS
    * 0.250290:*:cli:cli:env: deny XDG_SEAT_PATH
    * 0.250415:*:cli:cli:env: deny __DOOMGPIPE
    * 0.250513:*:cli:cli:env: deny HOME
    * 0.250670:*:cli:cli:env: deny XAUTHORITY
    * 0.250742:*:cli:cli:env: deny XDG_SESSION_TYPE
    * 0.250915:*:cli:cli:env: deny PWD
    * 0.250987:*:cli:cli:env: deny XDG_SEAT
    * 0.251103:*:cli:cli:env: deny __DOOMSTEP
    * 0.251178:*:cli:cli:env: deny __DOOMGEOM
    * 0.251300:*:cli:cli:env: deny __DOOMPIPE
    ✓ Generated ~/.config/emacs/.local/env
  * 0.252657:*:cli:Initializing package.el
  * 0.277097:*:cli:Initializing straight.el
  * 0.277424::context: +packages (cli t)
  * 0.277473::context:module: =[1 105 -105 :user nil nil nil]
  * 0.277899::context:module: =[2 -111 -111 :config use-package nil nil]
  * 0.278616::context:module: =[0 -110 -110 :core nil nil nil]
  * 0.290627::context:module: =[1 105 -105 :user nil nil nil]
  * 0.290900::context:module: =[3 0 0 :completion company nil nil]
  * 0.292538::context:module: =[4 0 0 :completion vertico nil nil]
  * 0.297510::context:module: =[5 0 0 :ui doom nil nil]
  * 0.298816::context:module: =[6 0 0 :ui doom-dashboard nil nil]
  * 0.298883::context:module: =[7 0 0 :ui doom-quit nil nil]
  * 0.298934::context:module: =[8 0 0 :ui hl-todo nil nil]
  * 0.299574::context:module: =[9 0 0 :ui modeline nil nil]
  * 0.301154::context:module: =[10 0 0 :ui ophints nil nil]
  * 0.302107::context:module: =[11 0 0 :ui popup (+defaults) nil]
  * 0.302168::context:module: =[12 0 0 :ui treemacs nil nil]
  * 0.305636::context:module: =[13 0 0 :ui vc-gutter (+pretty) nil]
  * 0.306601::context:module: =[14 0 0 :ui vi-tilde-fringe nil nil]
  * 0.307230::context:module: =[15 0 0 :ui workspaces nil nil]
  * 0.307876::context:module: =[16 0 0 :ui zen nil nil]
  * 0.308967::context:module: =[17 0 0 :editor evil (+everywhere) nil]
  * 0.317857::context:module: =[18 0 0 :editor file-templates nil nil]
  * 0.318518::context:module: =[19 0 0 :editor fold nil nil]
  * 0.320623::context:module: =[20 0 0 :editor format (+onsave) nil]
  * 0.321279::context:module: =[21 0 0 :editor snippets nil nil]
  * 0.322833::context:module: =[22 0 0 :emacs dired nil nil]
  * 0.325850::context:module: =[23 0 0 :emacs electric nil nil]
  * 0.325943::context:module: =[24 0 0 :emacs undo nil nil]
  * 0.327935::context:module: =[25 0 0 :emacs vc nil nil]
  * 0.331321::context:module: =[26 0 0 :term vterm nil nil]
  * 0.334616::context:module: =[27 0 0 :checkers syntax nil nil]
  * 0.336697::context:module: =[28 0 0 :checkers spell (+flyspell) nil]
  * 0.339038::context:module: =[29 0 0 :tools eval (+overlay) nil]
  * 0.340271::context:module: =[30 0 0 :tools lookup nil nil]
  * 0.344972::context:module: =[31 0 0 :tools magit nil nil]
  * 0.347044::context:module: =[32 0 0 :lang emacs-lisp nil nil]
  * 0.351521::context:module: =[33 0 0 :lang latex nil nil]
  * 0.355878::context:module: =[34 0 0 :lang markdown nil nil]
  * 0.358240::context:module: =[35 0 0 :lang org nil nil]
  * 0.376387::context:module: =[36 0 0 :lang sh nil nil]
  * 0.377818::context:module: =[37 0 0 :config default (+bindings +smartparens) nil]
  * 0.379691::context:module: =[1 105 -105 :user nil nil nil]
  > Installing packages...
    > Updating recipe repos...
      > Updating recipes for melpa...
      > Updating recipes for nongnu-elpa...
      > Updating recipes for gnu-elpa-mirror...
      > Updating recipes for el-get...
      > Updating recipes for emacsmirror-mirror...
    > Cloning company-math...
    - Checked out company-math: 3eb006874e309ff4076d947fcbd61bb6806aa508
    > Building company-math...
    > Building company-math > Cloning math-symbol-lists...
    > Building company-math > Building math-symbol-lists...
      INFO     Scraping files for loaddefs... 
      INFO     Scraping files for loaddefs...done
    > Building company-math...
      INFO     Scraping files for loaddefs... 
      INFO     Scraping files for loaddefs...done
      GEN      company-math-autoloads.el
    > Cloning company-reftex...
    - Checked out company-reftex: 42eb98c6504e65989635d95ab81b65b9d5798e76
    > Building company-reftex...
      INFO     Scraping files for loaddefs... 
      INFO     Scraping files for loaddefs...done
      GEN      company-reftex-autoloads.el
    > Cloning company-auctex...
    - Checked out company-auctex: 9400a2ec7459dde8cbf1a5d50dfee4e300ed7e18
    > Building company-auctex...
    > Building company-auctex > Cloning auctex...
    - Checked out auctex: 3929d5408b1e0d68cadeef7536a26ce29b1d36ea
    > Building company-auctex > Building auctex...
      INFO     Scraping files for loaddefs... 
      INFO     Scraping files for loaddefs...done
      GEN      auctex-autoloads.el
    > Building company-auctex...
      INFO     Scraping files for loaddefs... 
      INFO     Scraping files for loaddefs...done
      GEN      company-auctex-autoloads.el
    > Cloning evil-tex...
    - Checked out evil-tex: 3e0a26b91a1a56b0f35cbd450d01431057551750
    > Building evil-tex...
      INFO     Scraping files for loaddefs... 
      INFO     Scraping files for loaddefs...done
      GEN      evil-tex-autoloads.el
    > Cloning latex-preview-pane...
    - Checked out latex-preview-pane: 5297668a89996b50b2b62f99cba01cc544dbed2e
    > Building latex-preview-pane...
      INFO     Scraping files for loaddefs... 
      INFO     Scraping files for loaddefs...done
      GEN      latex-preview-pane-autoloads.el
    > Cloning adaptive-wrap...
    - Checked out adaptive-wrap: 0d5b4a07de76d87dd64333a566a8a0a845f2b9f0
    > Building adaptive-wrap...
      INFO     Scraping files for loaddefs... 
      INFO     Scraping files for loaddefs...done
      GEN      adaptive-wrap-autoloads.el
    > Cloning flyspell-lazy...
    - Checked out flyspell-lazy: 0fc5996bcee20b46cbd227ae948d343c3bef7339
    > Building flyspell-lazy...
      INFO     Scraping files for loaddefs... 
      INFO     Scraping files for loaddefs...done
      GEN      flyspell-lazy-autoloads.el
    > Cloning flyspell-correct...
    - Checked out flyspell-correct: 1e7a5a56362dd875dddf848b9a9e25d1395b9d37
    > Building flyspell-correct...
      INFO     Scraping files for loaddefs... 
      INFO     Scraping files for loaddefs...done
      GEN      flyspell-correct-autoloads.el
    > Cloning emacs-libvterm (for vterm)...
    > Building vterm...
      INFO     Scraping files for loaddefs... 
      INFO     Scraping files for loaddefs...done
      GEN      vterm-autoloads.el
    > Cloning apheleia...
    - Checked out apheleia: 56651724ad22f2769bbdaccf54cbe75c1cb35c91
    > Building apheleia...
      INFO     Scraping files for loaddefs... 
      INFO     Scraping files for loaddefs...done
      GEN      apheleia-autoloads.el
    > Cloning mixed-pitch...
    - Checked out mixed-pitch: 519e05f74825abf04b7d2e0e38ec040d013a125a
    > Building mixed-pitch...
      INFO     Scraping files for loaddefs... 
      INFO     Scraping files for loaddefs...done
      GEN      mixed-pitch-autoloads.el
    > Cloning writeroom-mode...
    - Checked out writeroom-mode: 1fd52848eb58301c864712fd26c4ec37a938cc19
    > Building writeroom-mode...
    > Building writeroom-mode > Cloning visual-fill-column...
    > Building writeroom-mode > Building visual-fill-column...
      INFO     Scraping files for loaddefs... 
      INFO     Scraping files for loaddefs...done
      GEN      visual-fill-column-autoloads.el
    > Building writeroom-mode...
      INFO     Scraping files for loaddefs... 
      INFO     Scraping files for loaddefs...done
      GEN      writeroom-mode-autoloads.el
    > Cloning treemacs (for treemacs-persp)...
    > Building treemacs-persp...
    - Checked out treemacs: 56691a530abb61564c8df0456a18ff0f301c2055
    > Building treemacs-persp > Building treemacs...
    > Building treemacs-persp > Building treemacs > Cloning ace-window...
    > Building treemacs-persp > Building treemacs > Building ace-window...
      INFO     Scraping files for loaddefs... 
      INFO     Scraping files for loaddefs...done
      GEN      ace-window-autoloads.el
    > Building treemacs-persp > Building treemacs > Cloning pfuture...
    > Building treemacs-persp > Building treemacs > Building pfuture...
      INFO     Scraping files for loaddefs... 
      INFO     Scraping files for loaddefs...done
      GEN      pfuture-autoloads.el
    > Building treemacs-persp > Building treemacs > Cloning hydra...
    > Building treemacs-persp > Building treemacs > Building hydra...
    > Building treemacs-persp > Building treemacs > Building hydra > Building lv...
      INFO     Scraping files for loaddefs... 
      INFO     Scraping files for loaddefs...done
    > Building treemacs-persp > Building treemacs > Building hydra...
      INFO     Scraping files for loaddefs... 
      INFO     Scraping files for loaddefs...done
      GEN      hydra-autoloads.el
    > Building treemacs-persp > Building treemacs > Cloning cfrs...
    > Building treemacs-persp > Building treemacs > Building cfrs...
    > Building treemacs-persp > Building treemacs > Building cfrs > Cloning posframe...
    > Building treemacs-persp > Building treemacs > Building cfrs > Building posframe...
      INFO     Scraping files for loaddefs... 
      INFO     Scraping files for loaddefs...done
      GEN      posframe-autoloads.el
    > Building treemacs-persp > Building treemacs > Building cfrs...
      INFO     Scraping files for loaddefs... 
      INFO     Scraping files for loaddefs...done
      GEN      cfrs-autoloads.el
    > Building treemacs-persp > Building treemacs...
      INFO     Scraping files for loaddefs... 
      INFO     Scraping files for loaddefs...done
      GEN      treemacs-autoloads.el
    > Building treemacs-persp...
      INFO     Scraping files for loaddefs... 
      INFO     Scraping files for loaddefs...done
    > Building treemacs-magit...
      INFO     Scraping files for loaddefs... 
      INFO     Scraping files for loaddefs...done
    > Building treemacs-projectile...
      INFO     Scraping files for loaddefs... 
      INFO     Scraping files for loaddefs...done
      GEN      treemacs-projectile-autoloads.el
    > Building treemacs-evil...
      INFO     Scraping files for loaddefs... 
      INFO     Scraping files for loaddefs...done
    > Cloning treemacs-nerd-icons...
    - Checked out treemacs-nerd-icons: 9876cb478145a0ec4e36f64ff6583f3de7126216
    > Building treemacs-nerd-icons...
      INFO     Scraping files for loaddefs... 
      INFO     Scraping files for loaddefs...done
    > Building xref...
      INFO     Scraping files for loaddefs... 
      INFO     Scraping files for loaddefs...done
      GEN      xref-autoloads.el
    ✓ Installed 28 packages
  > (Re)building packages...
    - No packages need rebuilding
  > Purging orphaned packages (for the emperor)...
    - Skipping builds
    - Skipping elpa packages
    - Skipping repos
    - Skipping regrafting
  > (Re)building profile in /home/roberto/.config/emacs/.local/etc/@/...
    > Deleting old init files...
    > Generating 4 init files...
    > Byte-compiling ~/.config/emacs/.local/etc/@init.29.el...
    ✓ Built init.29.elc
  - Restart Emacs or use 'M-x doom/reload' for changes to take effect
* 122.842920:*:cli:Finished (GCs: 1, elapsed: 0.690397s)
* 122.842920:*:cli:Finished (GCs: 1, elapsed: 0.690397s)
✓ Finished in 2m 2s
