* 0.109042:*:cli:run!: doom 
* 0.109204:*:cli:context-parse: found command (doom)
* 0.109703:*:cli:context-execute: doom
Error: a subcommand is required
* 0.110393:*:cli:call: (doom) -> (:help --subcommands --postamble)
* 0.110519:*:cli:context-parse: found command (:help)
* 0.111025:*:cli:context-parse: found switch "--subcommands"
* 0.111618:*:cli:context-parse: found switch "--postamble"
* 0.112234:*:cli:context-execute: :help
* 0.112728:*:cli:execute: (:before) ((input) (context . #s(doom-cli-context (25989 8168 374569 295000) 2842 0 (102 . 32) nil nil doom nil (doom-cli-command-not-found-error doom) (:help) nil nil ((--postamble) (--envvars) (--similar) (--subcommands) (--synopsis --subcommands --postamble) (--commands) (--manpage) (--no-global) (-g) (--eval) (-E) (--strict-load) (--load) (-L) (--color) (--benchmark) (--profile) (--pager) (--emacsdir) (--doomdir) (--verbose) (-v) (--debug) (-D) (--force) (-!)) ((t) (nil --subcommands --postamble))  *doom-cli stdin*  *doom-cli stdout*  *doom-cli stderr* nil)) (_) (evals) (loads) (color?) (bench?) (profile) (pager) (emacsdir) (doomdir) (verbose?) (debug?) (force?))
* 0.112818:*:cli:execute: (:help) ((context . #s(doom-cli-context (25989 8168 374569 295000) 2842 0 (102 . 32) nil nil doom nil (doom-cli-command-not-found-error doom) (:help) nil nil ((--postamble) (--envvars) (--similar) (--subcommands) (--synopsis --subcommands --postamble) (--commands) (--manpage) (--no-global) (-g) (--eval) (-E) (--strict-load) (--load) (-L) (--color) (--benchmark) (--profile) (--pager) (--emacsdir) (--doomdir) (--verbose) (-v) (--debug) (-D) (--force) (-!)) ((t) (nil --subcommands --postamble))  *doom-cli stdin*  *doom-cli stdout*  *doom-cli stderr* nil)) (command) (sections --subcommands --postamble) (commands?) (manpage?) (localonly?))
* 0.112979:*:cli:load: autoload /home/roberto/.config/emacs/lisp/cli/run.el
* 0.113042:*:cli:load: ~/.config/emacs/lisp/cli/run.el nil
* 0.114825:*:cli:load: autoload /home/roberto/.config/emacs/lisp/cli/make.el
* 0.114883:*:cli:load: ~/.config/emacs/lisp/cli/make.el nil
* 0.115131:*:cli:load: ~/.config/emacs/lisp/cli/make/completions nil
* 0.120014:*:cli:load: autoload /home/roberto/.config/emacs/lisp/cli/ci.el
* 0.120080:*:cli:load: ~/.config/emacs/lisp/cli/ci.el nil
* 0.130182:*:cli:load: autoload /home/roberto/.config/emacs/lisp/cli/info.el
* 0.130252:*:cli:load: ~/.config/emacs/lisp/cli/info.el nil
* 0.131458:*:cli:load: autoload /home/roberto/.config/emacs/lisp/cli/doctor.el
* 0.131515:*:cli:load: ~/.config/emacs/lisp/cli/doctor.el nil
* 0.135495:*:cli:load: autoload /home/roberto/.config/emacs/lisp/cli/compile.el
* 0.135554:*:cli:load: ~/.config/emacs/lisp/cli/compile.el nil
* 0.139742:*:cli:load: autoload /home/roberto/.config/emacs/lisp/cli/install.el
* 0.139799:*:cli:load: ~/.config/emacs/lisp/cli/install.el nil
* 0.140046:*:cli:load: ~/.config/emacs/lisp/cli/packages nil
* 0.180533:*:cli:load: autoload /home/roberto/.config/emacs/lisp/cli/env.el
* 0.180611:*:cli:load: ~/.config/emacs/lisp/cli/env.el nil
* 0.183381:*:cli:load: autoload /home/roberto/.config/emacs/lisp/cli/upgrade.el
* 0.183438:*:cli:load: ~/.config/emacs/lisp/cli/upgrade.el nil
* 0.183706:*:cli:load: ~/.config/emacs/lisp/cli/packages nil
* 0.194682:*:cli:load: ~/.config/emacs/lisp/cli/compile nil
* 0.200428:*:cli:load: autoload /home/roberto/.config/emacs/lisp/cli/profiles.el
* 0.200504:*:cli:load: ~/.config/emacs/lisp/cli/profiles.el nil
* 0.207617:*:cli:load: autoload /home/roberto/.config/emacs/lisp/cli/sync.el
* 0.207690:*:cli:load: ~/.config/emacs/lisp/cli/sync.el nil
* 0.207930:*:cli:load: ~/.config/emacs/lisp/cli/packages nil

Available commands:
  help         Show documentation for a Doom CLI command.

  Config Management:
    sync       Synchronize your config with Doom Emacs.
    profiles   Commands for maintaining your Doom Emacs configuration.
    upgrade    Updates Doom and packages.
    env […]    (Re)generates envvars file from your shell environment.
    build      Byte-compiles & symlinks installed packages.
    purge      Deletes orphaned packages & repos, and compacts them.
    install    Installs and sets up Doom Emacs for the first time.
    compile    Byte-compiles your config or selected modules.
    clean      Delete all *.elc files.

  Diagnostics:
    info       Print detailed information about your config for bug reports.
    version    Show installed versions of Doom, Doom modules, and Emacs.

  Development:
    ci […]     Commands that automate development processes.
    make […]   (Re)Generate project files and boilerplate.
    run        Launch Doom Emacs or an Emacs sandbox

See 'doom h[elp]' or 'doom {-?,--help}' for documentation.
* 0.242736:*:cli:Finished (GCs: 0, elapsed: 0.000000s)
* 0.242736:*:cli:Finished (GCs: 0, elapsed: 0.000000s)
